<?xml version="1.0" encoding="UTF-8"?>
<!-- Generated by org.testng.reporters.JUnitReportReporter -->
<testsuite skipped="0" hostname="CIS-PC" name="com.actiTime.scripts.TestValidLoginPage" tests="1" failures="0" timestamp="18 Sep 2020 17:49:34 GMT" time="27.212" errors="0">
  <testcase name="test_ValidLogin" time="27.212" classname="com.actiTime.scripts.TestValidLoginPage"/>
</testsuite> <!-- com.actiTime.scripts.TestValidLoginPage -->
