<?xml version="1.0" encoding="UTF-8"?>
<!-- Generated by org.testng.reporters.JUnitReportReporter -->
<testsuite skipped="0" hostname="CIS-PC" name="com.actiTime.scripts.TestIssuesDate" tests="1" failures="0" timestamp="18 Sep 2020 17:17:08 GMT" time="19.617" errors="0">
  <testcase name="test_IssueDate" time="19.617" classname="com.actiTime.scripts.TestIssuesDate"/>
</testsuite> <!-- com.actiTime.scripts.TestIssuesDate -->
