<?xml version="1.0" encoding="UTF-8"?>
<!-- Generated by org.testng.reporters.JUnitReportReporter -->
<testsuite skipped="0" hostname="CIS-PC" name="com.actiTime.scripts.TestInvalidLoginpage" tests="1" failures="0" timestamp="18 Sep 2020 17:17:08 GMT" time="18.423" errors="0">
  <testcase name="test_InvalidLoginPage" time="18.423" classname="com.actiTime.scripts.TestInvalidLoginpage"/>
</testsuite> <!-- com.actiTime.scripts.TestInvalidLoginpage -->
