<?xml version="1.0" encoding="UTF-8"?>
<!-- Generated by org.testng.reporters.JUnitReportReporter -->
<testsuite skipped="0" hostname="CIS-PC" name="com.actiTime.scripts.TestCreateUser" tests="1" failures="0" timestamp="18 Sep 2020 17:17:08 GMT" time="60.495" errors="0">
  <testcase name="test_CreateUser" time="60.495" classname="com.actiTime.scripts.TestCreateUser"/>
</testsuite> <!-- com.actiTime.scripts.TestCreateUser -->
