<?xml version="1.0" encoding="UTF-8"?>
<!-- Generated by org.testng.reporters.JUnitReportReporter -->
<testsuite skipped="0" hostname="CIS-PC" name="com.actiTime.scripts.TestProductEdition" tests="1" failures="0" timestamp="18 Sep 2020 17:17:08 GMT" time="12.847" errors="0">
  <testcase name="test_ProductEdition" time="12.847" classname="com.actiTime.scripts.TestProductEdition"/>
</testsuite> <!-- com.actiTime.scripts.TestProductEdition -->
